Arguments: 
  /usr/bin/node /usr/share/yarn/bin/yarn.js init -a

PATH: 
  /home/joe/.vscode-server/bin/ff915844119ce9485abfe8aa9076ec76b5300ddd/bin:/home/joe/.sdkman/candidates/scala/current/bin:/home/joe/.sdkman/candidates/sbt/current/bin:/home/joe/.sdkman/candidates/java/current/bin:/home/joe/.vscode-server/bin/ff915844119ce9485abfe8aa9076ec76b5300ddd/bin:/usr/local/sbin:/usr/local/bin:/usr/sbin:/usr/bin:/sbin:/bin:/usr/games:/usr/local/games:/snap/bin

Yarn version: 
  1.22.4

Node version: 
  10.20.1

Platform: 
  linux x64

Trace: 
  Error: canceled
      at Interface.<anonymous> (/usr/share/yarn/lib/cli.js:137008:13)
      at Interface.emit (events.js:198:13)
      at Interface._ttyWrite (readline.js:801:16)
      at ReadStream.onkeypress (readline.js:184:10)
      at ReadStream.emit (events.js:198:13)
      at emitKeys (internal/readline.js:424:14)
      at emitKeys.next (<anonymous>)
      at ReadStream.onData (readline.js:1073:36)
      at ReadStream.emit (events.js:198:13)
      at addChunk (_stream_readable.js:288:12)

npm manifest: 
  No manifest

yarn manifest: 
  No manifest

Lockfile: 
  No lockfile
